
OpenSBI v0.4 (Jul  2 2019 11:53:53)
   ____                    _____ ____ _____
  / __ \                  / ____|  _ \_   _|
 | |  | |_ __   ___ _ __ | (___ | |_) || |
 | |  | | '_ \ / _ \ '_ \ \___ \|  _ < | |
 | |__| | |_) |  __/ | | |____) | |_) || |_
  \____/| .__/ \___|_| |_|_____/|____/_____|
        | |
        |_|

Platform Name          : QEMU Virt Machine
Platform HART Features : RV64ACDFIMSU
Platform Max HARTs     : 8
Current Hart           : 0
Firmware Base          : 0x80000000
Firmware Size          : 112 KB
Runtime SBI Version    : 0.1

PMP0: 0x0000000080000000-0x000000008001ffff (A)
PMP1: 0x0000000000000000-0xffffffffffffffff (A,R,W,X)
(THU.CST) os is loading ...
Special kernel symbols:
  entry  0xffffffffc0200036 (virtual)
  etext  0xffffffffc020180a (virtual)
  edata  0xffffffffc0206010 (virtual)
  end    0xffffffffc0477478 (virtual)
Kernel executable memory footprint: 2526KB
memory management: buddy_pmm_manager
physcial memory map:
  memory: 0x0000000007e00000, [0x0000000080200000, 0x0000000087ffffff].
A 0xffffffffc04864c0
B 0xffffffffc048b4c0
p0 0xffffffffc04864c0
A 0xffffffffc04904c0
B 0xffffffffc04918c0
C 0xffffffffc0492cc0
B 0xffffffffc04918c0
D 0xffffffffc04922c0
D 0xffffffffc04922c0
C 0xffffffffc0492cc0
check_alloc_page() succeeded!
satp virtual address: 0xffffffffc0205000
satp physical address: 0x0000000080205000
++ setup timer interrupts
100 ticks
100 ticks
100 ticks
100 ticks
100 ticks
100 ticks
100 ticks
100 ticks
100 ticks
100 ticks
100 ticks
100 ticks
100 ticks
100 ticks
100 ticks
100 ticks
100 ticks
100 ticks
100 ticks
100 ticks
100 ticks
100 ticks
100 ticks
100 ticks
100 ticks
100 ticks
100 ticks
100 ticks
